# JRE version: Java(TM) SE Runtime Environment (8.0_172-b11) (build 1.8.0_172-b11)
# Java VM: Java HotSpot(TM) 64-Bit Server VM (25.172-b11 mixed mode windows-amd64 compressed oops)
Heap:
 PSYoungGen      total 194560K, used 10217K [0x000000076ab00000, 0x000000077c080000, 0x00000007c0000000)
  eden space 184320K, 0% used [0x000000076ab00000,0x000000076ab00000,0x0000000775f00000)
  from space 10240K, 99% used [0x0000000775f00000,0x00000007768fa508,0x0000000776900000)
  to   space 11776K, 0% used [0x000000077b500000,0x000000077b500000,0x000000077c080000)
 ParOldGen       total 106496K, used 9820K [0x00000006c0000000, 0x00000006c6800000, 0x000000076ab00000)
  object space 106496K, 9% used [0x00000006c0000000,0x00000006c0997158,0x00000006c6800000)
 Metaspace       used 33963K, capacity 35268K, committed 35416K, reserved 1081344K
  class space    used 4300K, capacity 4540K, committed 4608K, reserved 1048576K
GC Heap History (10 events):
Event: 3.460 GC heap after
Heap after GC invocations=4 (full 0):
 PSYoungGen      total 141824K, used 6774K [0x000000076ab00000, 0x0000000774000000, 0x00000007c0000000)
  eden space 131072K, 0% used [0x000000076ab00000,0x000000076ab00000,0x0000000772b00000)
  from space 10752K, 63% used [0x0000000773580000,0x0000000773c1d890,0x0000000774000000)
  to   space 10752K, 0% used [0x0000000772b00000,0x0000000772b00000,0x0000000773580000)
 ParOldGen       total 175104K, used 32K [0x00000006c0000000, 0x00000006cab00000, 0x000000076ab00000)
  object space 175104K, 0% used [0x00000006c0000000,0x00000006c0008000,0x00000006cab00000)
 Metaspace       used 20538K, capacity 21036K, committed 21248K, reserved 1067008K
  class space    used 2568K, capacity 2714K, committed 2816K, reserved 1048576K
}
Event: 3.460 GC heap before
{Heap before GC invocations=5 (full 1):
 PSYoungGen      total 141824K, used 6774K [0x000000076ab00000, 0x0000000774000000, 0x00000007c0000000)
  eden space 131072K, 0% used [0x000000076ab00000,0x000000076ab00000,0x0000000772b00000)
  from space 10752K, 63% used [0x0000000773580000,0x0000000773c1d890,0x0000000774000000)
  to   space 10752K, 0% used [0x0000000772b00000,0x0000000772b00000,0x0000000773580000)
 ParOldGen       total 175104K, used 32K [0x00000006c0000000, 0x00000006cab00000, 0x000000076ab00000)
  object space 175104K, 0% used [0x00000006c0000000,0x00000006c0008000,0x00000006cab00000)
 Metaspace       used 20538K, capacity 21036K, committed 21248K, reserved 1067008K
  class space    used 2568K, capacity 2714K, committed 2816K, reserved 1048576K
Event: 3.670 GC heap after
Heap after GC invocations=5 (full 1):
 PSYoungGen      total 141824K, used 0K [0x000000076ab00000, 0x0000000774000000, 0x00000007c0000000)
  eden space 131072K, 0% used [0x000000076ab00000,0x000000076ab00000,0x0000000772b00000)
  from space 10752K, 0% used [0x0000000773580000,0x0000000773580000,0x0000000774000000)
  to   space 10752K, 0% used [0x0000000772b00000,0x0000000772b00000,0x0000000773580000)
 ParOldGen       total 106496K, used 6530K [0x00000006c0000000, 0x00000006c6800000, 0x000000076ab00000)
  object space 106496K, 6% used [0x00000006c0000000,0x00000006c0660b48,0x00000006c6800000)
 Metaspace       used 20536K, capacity 21030K, committed 21248K, reserved 1067008K
  class space    used 2567K, capacity 2713K, committed 2816K, reserved 1048576K
}
Event: 5.197 GC heap before
{Heap before GC invocations=6 (full 1):
 PSYoungGen      total 141824K, used 131072K [0x000000076ab00000, 0x0000000774000000, 0x00000007c0000000)
  eden space 131072K, 100% used [0x000000076ab00000,0x0000000772b00000,0x0000000772b00000)
  from space 10752K, 0% used [0x0000000773580000,0x0000000773580000,0x0000000774000000)
  to   space 10752K, 0% used [0x0000000772b00000,0x0000000772b00000,0x0000000773580000)
 ParOldGen       total 106496K, used 6530K [0x00000006c0000000, 0x00000006c6800000, 0x000000076ab00000)
  object space 106496K, 6% used [0x00000006c0000000,0x00000006c0660b48,0x00000006c6800000)
 Metaspace       used 26676K, capacity 27480K, committed 27648K, reserved 1073152K
  class space    used 3321K, capacity 3520K, committed 3584K, reserved 1048576K
Event: 5.229 GC heap after
Heap after GC invocations=6 (full 1):
 PSYoungGen      total 141824K, used 7203K [0x000000076ab00000, 0x0000000777300000, 0x00000007c0000000)
  eden space 131072K, 0% used [0x000000076ab00000,0x000000076ab00000,0x0000000772b00000)
  from space 10752K, 66% used [0x0000000772b00000,0x0000000773208f08,0x0000000773580000)
  to   space 8192K, 0% used [0x0000000776b00000,0x0000000776b00000,0x0000000777300000)
 ParOldGen       total 106496K, used 6602K [0x00000006c0000000, 0x00000006c6800000, 0x000000076ab00000)
  object space 106496K, 6% used [0x00000006c0000000,0x00000006c0672b58,0x00000006c6800000)
 Metaspace       used 26676K, capacity 27480K, committed 27648K, reserved 1073152K
  class space    used 3321K, capacity 3520K, committed 3584K, reserved 1048576K
}
Event: 7.391 GC heap before
{Heap before GC invocations=7 (full 1):
 PSYoungGen      total 141824K, used 138275K [0x000000076ab00000, 0x0000000777300000, 0x00000007c0000000)
  eden space 131072K, 100% used [0x000000076ab00000,0x0000000772b00000,0x0000000772b00000)
  from space 10752K, 66% used [0x0000000772b00000,0x0000000773208f08,0x0000000773580000)
  to   space 8192K, 0% used [0x0000000776b00000,0x0000000776b00000,0x0000000777300000)
 ParOldGen       total 106496K, used 6602K [0x00000006c0000000, 0x00000006c6800000, 0x000000076ab00000)
  object space 106496K, 6% used [0x00000006c0000000,0x00000006c0672b58,0x00000006c6800000)
 Metaspace       used 31925K, capacity 33160K, committed 33280K, reserved 1079296K
  class space    used 4027K, capacity 4288K, committed 4352K, reserved 1048576K
Event: 7.427 GC heap after
Heap after GC invocations=7 (full 1):
 PSYoungGen      total 191488K, used 8183K [0x000000076ab00000, 0x0000000777300000, 0x00000007c0000000)
  eden space 183296K, 0% used [0x000000076ab00000,0x000000076ab00000,0x0000000775e00000)
  from space 8192K, 99% used [0x0000000776b00000,0x00000007772fdc98,0x0000000777300000)
  to   space 10240K, 0% used [0x0000000775f00000,0x0000000775f00000,0x0000000776900000)
 ParOldGen       total 106496K, used 8621K [0x00000006c0000000, 0x00000006c6800000, 0x000000076ab00000)
  object space 106496K, 8% used [0x00000006c0000000,0x00000006c086b7b0,0x00000006c6800000)
 Metaspace       used 31925K, capacity 33160K, committed 33280K, reserved 1079296K
  class space    used 4027K, capacity 4288K, committed 4352K, reserved 1048576K
}
Event: 8.121 GC heap before
{Heap before GC invocations=8 (full 1):
 PSYoungGen      total 191488K, used 46018K [0x000000076ab00000, 0x0000000777300000, 0x00000007c0000000)
  eden space 183296K, 20% used [0x000000076ab00000,0x000000076cff2f20,0x0000000775e00000)
  from space 8192K, 99% used [0x0000000776b00000,0x00000007772fdc98,0x0000000777300000)
  to   space 10240K, 0% used [0x0000000775f00000,0x0000000775f00000,0x0000000776900000)
 ParOldGen       total 106496K, used 8621K [0x00000006c0000000, 0x00000006c6800000, 0x000000076ab00000)
  object space 106496K, 8% used [0x00000006c0000000,0x00000006c086b7b0,0x00000006c6800000)
 Metaspace       used 33963K, capacity 35268K, committed 35416K, reserved 1081344K
  class space    used 4300K, capacity 4540K, committed 4608K, reserved 1048576K
Event: 8.162 GC heap after
Heap after GC invocations=8 (full 1):
 PSYoungGen      total 194560K, used 10217K [0x000000076ab00000, 0x000000077c080000, 0x00000007c0000000)
  eden space 184320K, 0% used [0x000000076ab00000,0x000000076ab00000,0x0000000775f00000)
  from space 10240K, 99% used [0x0000000775f00000,0x00000007768fa508,0x0000000776900000)
  to   space 11776K, 0% used [0x000000077b500000,0x000000077b500000,0x000000077c080000)
 ParOldGen       total 106496K, used 9820K [0x00000006c0000000, 0x00000006c6800000, 0x000000076ab00000)
  object space 106496K, 9% used [0x00000006c0000000,0x00000006c0997158,0x00000006c6800000)
 Metaspace       used 33963K, capacity 35268K, committed 35416K, reserved 1081344K
  class space    used 4300K, capacity 4540K, committed 4608K, reserved 1048576K
}
Event: 8.162 GC heap before
{Heap before GC invocations=9 (full 2):
 PSYoungGen      total 194560K, used 10217K [0x000000076ab00000, 0x000000077c080000, 0x00000007c0000000)
  eden space 184320K, 0% used [0x000000076ab00000,0x000000076ab00000,0x0000000775f00000)
  from space 10240K, 99% used [0x0000000775f00000,0x00000007768fa508,0x0000000776900000)
  to   space 11776K, 0% used [0x000000077b500000,0x000000077b500000,0x000000077c080000)
 ParOldGen       total 106496K, used 9820K [0x00000006c0000000, 0x00000006c6800000, 0x000000076ab00000)
  object space 106496K, 9% used [0x00000006c0000000,0x00000006c0997158,0x00000006c6800000)
 Metaspace       used 33963K, capacity 35268K, committed 35416K, reserved 1081344K
  class space    used 4300K, capacity 4540K, committed 4608K, reserved 1048576K

