# JRE version: Java(TM) SE Runtime Environment (8.0_172-b11) (build 1.8.0_172-b11)
# Java VM: Java HotSpot(TM) 64-Bit Server VM (25.172-b11 mixed mode windows-amd64 compressed oops)
Heap:
 PSYoungGen      total 141824K, used 75542K [0x000000076ab00000, 0x0000000778600000, 0x00000007c0000000)
  eden space 131072K, 51% used [0x000000076ab00000,0x000000076ed69d28,0x0000000772b00000)
  from space 10752K, 70% used [0x0000000772b00000,0x000000077325bcd0,0x0000000773580000)
  to   space 8704K, 0% used [0x0000000777d80000,0x0000000777d80000,0x0000000778600000)
 ParOldGen       total 97792K, used 6706K [0x00000006c0000000, 0x00000006c5f80000, 0x000000076ab00000)
  object space 97792K, 6% used [0x00000006c0000000,0x00000006c068cbe8,0x00000006c5f80000)
 Metaspace       used 29189K, capacity 30022K, committed 30336K, reserved 1075200K
  class space    used 3674K, capacity 3867K, committed 3968K, reserved 1048576K
GC Heap History (10 events):
Event: 2.651 GC heap before
{Heap before GC invocations=2 (full 0):
 PSYoungGen      total 76288K, used 71000K [0x000000076ab00000, 0x0000000770000000, 0x00000007c0000000)
  eden space 65536K, 100% used [0x000000076ab00000,0x000000076eb00000,0x000000076eb00000)
  from space 10752K, 50% used [0x000000076eb00000,0x000000076f056160,0x000000076f580000)
  to   space 10752K, 0% used [0x000000076f580000,0x000000076f580000,0x0000000770000000)
 ParOldGen       total 175104K, used 16K [0x00000006c0000000, 0x00000006cab00000, 0x000000076ab00000)
  object space 175104K, 0% used [0x00000006c0000000,0x00000006c0004000,0x00000006cab00000)
 Metaspace       used 14822K, capacity 15256K, committed 15360K, reserved 1062912K
  class space    used 1836K, capacity 1958K, committed 2048K, reserved 1048576K
Event: 2.683 GC heap after
Heap after GC invocations=2 (full 0):
 PSYoungGen      total 76288K, used 6133K [0x000000076ab00000, 0x0000000774000000, 0x00000007c0000000)
  eden space 65536K, 0% used [0x000000076ab00000,0x000000076ab00000,0x000000076eb00000)
  from space 10752K, 57% used [0x000000076f580000,0x000000076fb7d6e8,0x0000000770000000)
  to   space 10752K, 0% used [0x000000076eb00000,0x000000076eb00000,0x000000076f580000)
 ParOldGen       total 175104K, used 24K [0x00000006c0000000, 0x00000006cab00000, 0x000000076ab00000)
  object space 175104K, 0% used [0x00000006c0000000,0x00000006c0006000,0x00000006cab00000)
 Metaspace       used 14822K, capacity 15256K, committed 15360K, reserved 1062912K
  class space    used 1836K, capacity 1958K, committed 2048K, reserved 1048576K
}
Event: 3.483 GC heap before
{Heap before GC invocations=3 (full 0):
 PSYoungGen      total 76288K, used 71669K [0x000000076ab00000, 0x0000000774000000, 0x00000007c0000000)
  eden space 65536K, 100% used [0x000000076ab00000,0x000000076eb00000,0x000000076eb00000)
  from space 10752K, 57% used [0x000000076f580000,0x000000076fb7d6e8,0x0000000770000000)
  to   space 10752K, 0% used [0x000000076eb00000,0x000000076eb00000,0x000000076f580000)
 ParOldGen       total 175104K, used 24K [0x00000006c0000000, 0x00000006cab00000, 0x000000076ab00000)
  object space 175104K, 0% used [0x00000006c0000000,0x00000006c0006000,0x00000006cab00000)
 Metaspace       used 18168K, capacity 18654K, committed 18944K, reserved 1064960K
  class space    used 2299K, capacity 2453K, committed 2560K, reserved 1048576K
Event: 3.525 GC heap after
Heap after GC invocations=3 (full 0):
 PSYoungGen      total 76288K, used 7733K [0x000000076ab00000, 0x0000000774000000, 0x00000007c0000000)
  eden space 65536K, 0% used [0x000000076ab00000,0x000000076ab00000,0x000000076eb00000)
  from space 10752K, 71% used [0x000000076eb00000,0x000000076f28d450,0x000000076f580000)
  to   space 10752K, 0% used [0x0000000773580000,0x0000000773580000,0x0000000774000000)
 ParOldGen       total 175104K, used 32K [0x00000006c0000000, 0x00000006cab00000, 0x000000076ab00000)
  object space 175104K, 0% used [0x00000006c0000000,0x00000006c0008000,0x00000006cab00000)
 Metaspace       used 18168K, capacity 18654K, committed 18944K, reserved 1064960K
  class space    used 2299K, capacity 2453K, committed 2560K, reserved 1048576K
}
Event: 4.073 GC heap before
{Heap before GC invocations=4 (full 0):
 PSYoungGen      total 76288K, used 47717K [0x000000076ab00000, 0x0000000774000000, 0x00000007c0000000)
  eden space 65536K, 61% used [0x000000076ab00000,0x000000076d20c048,0x000000076eb00000)
  from space 10752K, 71% used [0x000000076eb00000,0x000000076f28d450,0x000000076f580000)
  to   space 10752K, 0% used [0x0000000773580000,0x0000000773580000,0x0000000774000000)
 ParOldGen       total 175104K, used 32K [0x00000006c0000000, 0x00000006cab00000, 0x000000076ab00000)
  object space 175104K, 0% used [0x00000006c0000000,0x00000006c0008000,0x00000006cab00000)
 Metaspace       used 20547K, capacity 21082K, committed 21248K, reserved 1067008K
  class space    used 2570K, capacity 2727K, committed 2816K, reserved 1048576K
Event: 4.115 GC heap after
Heap after GC invocations=4 (full 0):
 PSYoungGen      total 141824K, used 6785K [0x000000076ab00000, 0x0000000774000000, 0x00000007c0000000)
  eden space 131072K, 0% used [0x000000076ab00000,0x000000076ab00000,0x0000000772b00000)
  from space 10752K, 63% used [0x0000000773580000,0x0000000773c20540,0x0000000774000000)
  to   space 10752K, 0% used [0x0000000772b00000,0x0000000772b00000,0x0000000773580000)
 ParOldGen       total 175104K, used 32K [0x00000006c0000000, 0x00000006cab00000, 0x000000076ab00000)
  object space 175104K, 0% used [0x00000006c0000000,0x00000006c0008000,0x00000006cab00000)
 Metaspace       used 20547K, capacity 21082K, committed 21248K, reserved 1067008K
  class space    used 2570K, capacity 2727K, committed 2816K, reserved 1048576K
}
Event: 4.115 GC heap before
{Heap before GC invocations=5 (full 1):
 PSYoungGen      total 141824K, used 6785K [0x000000076ab00000, 0x0000000774000000, 0x00000007c0000000)
  eden space 131072K, 0% used [0x000000076ab00000,0x000000076ab00000,0x0000000772b00000)
  from space 10752K, 63% used [0x0000000773580000,0x0000000773c20540,0x0000000774000000)
  to   space 10752K, 0% used [0x0000000772b00000,0x0000000772b00000,0x0000000773580000)
 ParOldGen       total 175104K, used 32K [0x00000006c0000000, 0x00000006cab00000, 0x000000076ab00000)
  object space 175104K, 0% used [0x00000006c0000000,0x00000006c0008000,0x00000006cab00000)
 Metaspace       used 20547K, capacity 21082K, committed 21248K, reserved 1067008K
  class space    used 2570K, capacity 2727K, committed 2816K, reserved 1048576K
Event: 4.222 GC heap after
Heap after GC invocations=5 (full 1):
 PSYoungGen      total 141824K, used 0K [0x000000076ab00000, 0x0000000774000000, 0x00000007c0000000)
  eden space 131072K, 0% used [0x000000076ab00000,0x000000076ab00000,0x0000000772b00000)
  from space 10752K, 0% used [0x0000000773580000,0x0000000773580000,0x0000000774000000)
  to   space 10752K, 0% used [0x0000000772b00000,0x0000000772b00000,0x0000000773580000)
 ParOldGen       total 97792K, used 6634K [0x00000006c0000000, 0x00000006c5f80000, 0x000000076ab00000)
  object space 97792K, 6% used [0x00000006c0000000,0x00000006c067abd8,0x00000006c5f80000)
 Metaspace       used 20546K, capacity 21076K, committed 21248K, reserved 1067008K
  class space    used 2569K, capacity 2726K, committed 2816K, reserved 1048576K
}
Event: 5.791 GC heap before
{Heap before GC invocations=6 (full 1):
 PSYoungGen      total 141824K, used 131072K [0x000000076ab00000, 0x0000000774000000, 0x00000007c0000000)
  eden space 131072K, 100% used [0x000000076ab00000,0x0000000772b00000,0x0000000772b00000)
  from space 10752K, 0% used [0x0000000773580000,0x0000000773580000,0x0000000774000000)
  to   space 10752K, 0% used [0x0000000772b00000,0x0000000772b00000,0x0000000773580000)
 ParOldGen       total 97792K, used 6634K [0x00000006c0000000, 0x00000006c5f80000, 0x000000076ab00000)
  object space 97792K, 6% used [0x00000006c0000000,0x00000006c067abd8,0x00000006c5f80000)
 Metaspace       used 26732K, capacity 27480K, committed 27648K, reserved 1073152K
  class space    used 3326K, capacity 3520K, committed 3584K, reserved 1048576K
Event: 5.818 GC heap after
Heap after GC invocations=6 (full 1):
 PSYoungGen      total 141824K, used 7535K [0x000000076ab00000, 0x0000000778600000, 0x00000007c0000000)
  eden space 131072K, 0% used [0x000000076ab00000,0x000000076ab00000,0x0000000772b00000)
  from space 10752K, 70% used [0x0000000772b00000,0x000000077325bcd0,0x0000000773580000)
  to   space 8704K, 0% used [0x0000000777d80000,0x0000000777d80000,0x0000000778600000)
 ParOldGen       total 97792K, used 6706K [0x00000006c0000000, 0x00000006c5f80000, 0x000000076ab00000)
  object space 97792K, 6% used [0x00000006c0000000,0x00000006c068cbe8,0x00000006c5f80000)
 Metaspace       used 26732K, capacity 27480K, committed 27648K, reserved 1073152K
  class space    used 3326K, capacity 3520K, committed 3584K, reserved 1048576K
}

